12:45:29.301 [main] INFO  testCases.TC001_CarEmiValidation - **** Enter the relevant details***
12:45:35.266 [main] INFO  testCases.TC001_CarEmiValidation - ****The details have been entered successfuly
12:45:35.642 [main] INFO  testCases.TC001_CarEmiValidation - ***The table values is stored in the excel**
12:46:20.908 [main] INFO  testCases.TC001_CarEmiValidation - **** UI of Emi validation initiated*****
12:46:31.352 [main] INFO  testCases.TC001_CarEmiValidation - ***UI of EMI validation ended***
12:46:31.716 [main] INFO  testCases.TC001_CarEmiValidation - ***Loan Amount validation initiated***
12:46:32.786 [main] INFO  testCases.TC001_CarEmiValidation - ***Loan Amount validation ended
12:46:33.101 [main] INFO  testCases.TC001_CarEmiValidation - *** LoanTenure validation initiated***
12:46:33.815 [main] INFO  testCases.TC001_CarEmiValidation - ***Loan Tenure validation ended
12:50:01.455 [main] INFO  testCases.TC001_CarEmiValidation - ***Interest Rate for car Loan for Current Year is initiated
12:50:05.694 [main] INFO  testCases.TC001_CarEmiValidation - ***Relevant details has been entered***
12:50:06.042 [main] INFO  testCases.TC001_CarEmiValidation - ****Calculate total Amount****
12:50:06.159 [main] INFO  testCases.TC001_CarEmiValidation - ***Total Emi amount has been calculated****
12:50:06.589 [main] INFO  testCases.TC001_CarEmiValidation - ***Principal Amount and Interest amount for one month is initiated****
12:50:06.751 [main] INFO  testCases.TC001_CarEmiValidation - ***Principal Amount and Interest amount for one month is calculated
12:50:07.017 [main] INFO  testCases.TC001_CarEmiValidation - **Navigate to Loan Emi Calculator****
12:50:38.717 [main] INFO  testCases.TC001_CarEmiValidation - **** Enter the relevant details***
12:50:42.440 [main] INFO  testCases.TC001_CarEmiValidation - ****The details have been entered successfuly
12:50:42.707 [main] INFO  testCases.TC001_CarEmiValidation - ***The table values is stored in the excel**
12:51:22.342 [main] INFO  testCases.TC001_CarEmiValidation - **** UI of Emi validation initiated*****
12:51:22.833 [main] INFO  testCases.TC001_CarEmiValidation - ***UI of EMI validation ended***
12:51:23.083 [main] INFO  testCases.TC001_CarEmiValidation - ***Loan Amount validation initiated***
12:51:23.809 [main] INFO  testCases.TC001_CarEmiValidation - ***Loan Amount validation ended
12:51:24.055 [main] INFO  testCases.TC001_CarEmiValidation - *** LoanTenure validation initiated***
12:51:24.667 [main] INFO  testCases.TC001_CarEmiValidation - ***Loan Tenure validation ended
14:23:51.253 [main] INFO  testCases.TC001_CarEmiValidation - ***Interest Rate for car Loan for Current Year is initiated
14:23:58.365 [main] INFO  testCases.TC001_CarEmiValidation - ***Relevant details has been entered***
14:23:58.926 [main] INFO  testCases.TC001_CarEmiValidation - ****Calculate total Amount****
14:23:59.197 [main] INFO  testCases.TC001_CarEmiValidation - ***Total Emi amount has been calculated****
14:23:59.755 [main] INFO  testCases.TC001_CarEmiValidation - ***Principal Amount and Interest amount for one month is initiated****
14:23:59.951 [main] INFO  testCases.TC001_CarEmiValidation - ***Principal Amount and Interest amount for one month is calculated
14:24:00.233 [main] INFO  testCases.TC001_CarEmiValidation - **Navigate to Loan Emi Calculator****
14:24:06.114 [main] INFO  testCases.TC001_CarEmiValidation - **** Enter the relevant details***
14:24:12.091 [main] INFO  testCases.TC001_CarEmiValidation - ****The details have been entered successfuly
14:24:12.462 [main] INFO  testCases.TC001_CarEmiValidation - ***The table values is stored in the excel**
14:24:34.488 [main] INFO  testCases.TC001_CarEmiValidation - **** UI of Emi validation initiated*****
14:24:35.561 [main] INFO  testCases.TC001_CarEmiValidation - ***UI of EMI validation ended***
14:24:35.961 [main] INFO  testCases.TC001_CarEmiValidation - ***Loan Amount validation initiated***
14:24:37.983 [main] INFO  testCases.TC001_CarEmiValidation - ***Loan Amount validation ended
14:24:38.349 [main] INFO  testCases.TC001_CarEmiValidation - *** LoanTenure validation initiated***
14:24:39.469 [main] INFO  testCases.TC001_CarEmiValidation - ***Loan Tenure validation ended
